{"/Users/maheshwaran_k/Desktop/eval-2/src/controllers/company.controller.js": {"path":"/Users/maheshwaran_k/Desktop/eval-2/src/controllers/company.controller.js","statementMap":{"0":{"start":{"line":1,"column":23},"end":{"line":1,"column":61}},"1":{"start":{"line":2,"column":19},"end":{"line":2,"column":49}},"2":{"start":{"line":4,"column":17},"end":{"line":16,"column":1}},"3":{"start":{"line":5,"column":4},"end":{"line":15,"column":5}},"4":{"start":{"line":6,"column":8},"end":{"line":6,"column":49}},"5":{"start":{"line":7,"column":20},"end":{"line":7,"column":36}},"6":{"start":{"line":8,"column":8},"end":{"line":8,"column":75}},"7":{"start":{"line":8,"column":30},"end":{"line":8,"column":75}},"8":{"start":{"line":9,"column":8},"end":{"line":9,"column":65}},"9":{"start":{"line":11,"column":8},"end":{"line":13,"column":9}},"10":{"start":{"line":12,"column":12},"end":{"line":12,"column":66}},"11":{"start":{"line":14,"column":8},"end":{"line":14,"column":54}},"12":{"start":{"line":18,"column":33},"end":{"line":30,"column":1}},"13":{"start":{"line":19,"column":4},"end":{"line":29,"column":5}},"14":{"start":{"line":20,"column":8},"end":{"line":20,"column":57}},"15":{"start":{"line":21,"column":23},"end":{"line":21,"column":39}},"16":{"start":{"line":22,"column":8},"end":{"line":22,"column":76}},"17":{"start":{"line":22,"column":28},"end":{"line":22,"column":76}},"18":{"start":{"line":23,"column":8},"end":{"line":23,"column":84}},"19":{"start":{"line":25,"column":8},"end":{"line":27,"column":9}},"20":{"start":{"line":26,"column":12},"end":{"line":26,"column":66}},"21":{"start":{"line":28,"column":8},"end":{"line":28,"column":54}},"22":{"start":{"line":32,"column":26},"end":{"line":45,"column":1}},"23":{"start":{"line":33,"column":4},"end":{"line":43,"column":5}},"24":{"start":{"line":34,"column":8},"end":{"line":34,"column":58}},"25":{"start":{"line":35,"column":26},"end":{"line":35,"column":46}},"26":{"start":{"line":36,"column":8},"end":{"line":36,"column":82}},"27":{"start":{"line":36,"column":31},"end":{"line":36,"column":82}},"28":{"start":{"line":37,"column":8},"end":{"line":37,"column":90}},"29":{"start":{"line":39,"column":8},"end":{"line":41,"column":9}},"30":{"start":{"line":40,"column":12},"end":{"line":40,"column":66}},"31":{"start":{"line":42,"column":8},"end":{"line":42,"column":54}},"32":{"start":{"line":47,"column":0},"end":{"line":47,"column":75}}},"fnMap":{"0":{"name":"(anonymous_0)","decl":{"start":{"line":4,"column":17},"end":{"line":4,"column":18}},"loc":{"start":{"line":4,"column":37},"end":{"line":16,"column":1}},"line":4},"1":{"name":"(anonymous_1)","decl":{"start":{"line":18,"column":33},"end":{"line":18,"column":34}},"loc":{"start":{"line":18,"column":53},"end":{"line":30,"column":1}},"line":18},"2":{"name":"(anonymous_2)","decl":{"start":{"line":32,"column":26},"end":{"line":32,"column":27}},"loc":{"start":{"line":32,"column":46},"end":{"line":45,"column":1}},"line":32}},"branchMap":{"0":{"loc":{"start":{"line":8,"column":8},"end":{"line":8,"column":75}},"type":"if","locations":[{"start":{"line":8,"column":8},"end":{"line":8,"column":75}},{"start":{},"end":{}}],"line":8},"1":{"loc":{"start":{"line":11,"column":8},"end":{"line":13,"column":9}},"type":"if","locations":[{"start":{"line":11,"column":8},"end":{"line":13,"column":9}},{"start":{},"end":{}}],"line":11},"2":{"loc":{"start":{"line":22,"column":8},"end":{"line":22,"column":76}},"type":"if","locations":[{"start":{"line":22,"column":8},"end":{"line":22,"column":76}},{"start":{},"end":{}}],"line":22},"3":{"loc":{"start":{"line":25,"column":8},"end":{"line":27,"column":9}},"type":"if","locations":[{"start":{"line":25,"column":8},"end":{"line":27,"column":9}},{"start":{},"end":{}}],"line":25},"4":{"loc":{"start":{"line":36,"column":8},"end":{"line":36,"column":82}},"type":"if","locations":[{"start":{"line":36,"column":8},"end":{"line":36,"column":82}},{"start":{},"end":{}}],"line":36},"5":{"loc":{"start":{"line":39,"column":8},"end":{"line":41,"column":9}},"type":"if","locations":[{"start":{"line":39,"column":8},"end":{"line":41,"column":9}},{"start":{},"end":{}}],"line":39}},"s":{"0":1,"1":1,"2":1,"3":3,"4":3,"5":3,"6":2,"7":1,"8":1,"9":2,"10":1,"11":2,"12":1,"13":3,"14":3,"15":3,"16":2,"17":1,"18":1,"19":2,"20":1,"21":2,"22":1,"23":3,"24":3,"25":3,"26":2,"27":1,"28":1,"29":2,"30":1,"31":2,"32":1},"f":{"0":3,"1":3,"2":3},"b":{"0":[1,1],"1":[1,1],"2":[1,1],"3":[1,1],"4":[1,1],"5":[1,1]},"_coverageSchema":"1a1c01bbd47fc00a2c39e90264f33305004495a9","hash":"4c398494d19fc8828b8370c358b7352750fb24c1"}
,"/Users/maheshwaran_k/Desktop/eval-2/src/errors/httperror.js": {"path":"/Users/maheshwaran_k/Desktop/eval-2/src/errors/httperror.js","statementMap":{"0":{"start":{"line":3,"column":4},"end":{"line":3,"column":19}},"1":{"start":{"line":4,"column":4},"end":{"line":4,"column":21}},"2":{"start":{"line":5,"column":4},"end":{"line":5,"column":27}},"3":{"start":{"line":9,"column":0},"end":{"line":9,"column":28}}},"fnMap":{"0":{"name":"(anonymous_0)","decl":{"start":{"line":2,"column":2},"end":{"line":2,"column":3}},"loc":{"start":{"line":2,"column":29},"end":{"line":6,"column":3}},"line":2}},"branchMap":{},"s":{"0":7,"1":7,"2":7,"3":2},"f":{"0":7},"b":{},"_coverageSchema":"1a1c01bbd47fc00a2c39e90264f33305004495a9","hash":"8d3db62c49c08a876c872a77fb4faa7b5ca6f560"}
,"/Users/maheshwaran_k/Desktop/eval-2/src/middleware/company.validator.js": {"path":"/Users/maheshwaran_k/Desktop/eval-2/src/middleware/company.validator.js","statementMap":{"0":{"start":{"line":1,"column":12},"end":{"line":1,"column":26}},"1":{"start":{"line":3,"column":19},"end":{"line":3,"column":49}},"2":{"start":{"line":5,"column":23},"end":{"line":7,"column":2}},"3":{"start":{"line":9,"column":25},"end":{"line":12,"column":2}},"4":{"start":{"line":14,"column":26},"end":{"line":31,"column":1}},"5":{"start":{"line":15,"column":2},"end":{"line":30,"column":3}},"6":{"start":{"line":16,"column":22},"end":{"line":16,"column":55}},"7":{"start":{"line":17,"column":4},"end":{"line":22,"column":5}},"8":{"start":{"line":18,"column":6},"end":{"line":18,"column":47}},"9":{"start":{"line":21,"column":6},"end":{"line":21,"column":13}},"10":{"start":{"line":25,"column":4},"end":{"line":29,"column":68}},"11":{"start":{"line":26,"column":6},"end":{"line":26,"column":60}},"12":{"start":{"line":29,"column":6},"end":{"line":29,"column":68}},"13":{"start":{"line":33,"column":28},"end":{"line":50,"column":1}},"14":{"start":{"line":34,"column":2},"end":{"line":49,"column":3}},"15":{"start":{"line":35,"column":22},"end":{"line":35,"column":57}},"16":{"start":{"line":36,"column":4},"end":{"line":41,"column":5}},"17":{"start":{"line":37,"column":6},"end":{"line":37,"column":47}},"18":{"start":{"line":40,"column":6},"end":{"line":40,"column":13}},"19":{"start":{"line":44,"column":4},"end":{"line":48,"column":68}},"20":{"start":{"line":45,"column":6},"end":{"line":45,"column":60}},"21":{"start":{"line":48,"column":6},"end":{"line":48,"column":68}},"22":{"start":{"line":52,"column":0},"end":{"line":52,"column":60}}},"fnMap":{"0":{"name":"(anonymous_0)","decl":{"start":{"line":14,"column":26},"end":{"line":14,"column":27}},"loc":{"start":{"line":14,"column":46},"end":{"line":31,"column":1}},"line":14},"1":{"name":"(anonymous_1)","decl":{"start":{"line":33,"column":28},"end":{"line":33,"column":29}},"loc":{"start":{"line":33,"column":48},"end":{"line":50,"column":1}},"line":33}},"branchMap":{"0":{"loc":{"start":{"line":17,"column":4},"end":{"line":22,"column":5}},"type":"if","locations":[{"start":{"line":17,"column":4},"end":{"line":22,"column":5}},{"start":{"line":20,"column":9},"end":{"line":22,"column":5}}],"line":17},"1":{"loc":{"start":{"line":25,"column":4},"end":{"line":29,"column":68}},"type":"if","locations":[{"start":{"line":25,"column":4},"end":{"line":29,"column":68}},{"start":{"line":29,"column":6},"end":{"line":29,"column":68}}],"line":25},"2":{"loc":{"start":{"line":36,"column":4},"end":{"line":41,"column":5}},"type":"if","locations":[{"start":{"line":36,"column":4},"end":{"line":41,"column":5}},{"start":{"line":39,"column":9},"end":{"line":41,"column":5}}],"line":36},"3":{"loc":{"start":{"line":44,"column":4},"end":{"line":48,"column":68}},"type":"if","locations":[{"start":{"line":44,"column":4},"end":{"line":48,"column":68}},{"start":{"line":48,"column":6},"end":{"line":48,"column":68}}],"line":44}},"s":{"0":1,"1":1,"2":1,"3":1,"4":1,"5":4,"6":4,"7":4,"8":2,"9":2,"10":3,"11":2,"12":1,"13":1,"14":4,"15":4,"16":4,"17":2,"18":2,"19":3,"20":2,"21":1,"22":1},"f":{"0":4,"1":4},"b":{"0":[2,2],"1":[2,1],"2":[2,2],"3":[2,1]},"_coverageSchema":"1a1c01bbd47fc00a2c39e90264f33305004495a9","hash":"3a9475c0be782a5571e1fb7a5fcffd7630b993ff"}
,"/Users/maheshwaran_k/Desktop/eval-2/src/models/company.js": {"path":"/Users/maheshwaran_k/Desktop/eval-2/src/models/company.js","statementMap":{"0":{"start":{"line":4,"column":4},"end":{"line":4,"column":24}},"1":{"start":{"line":5,"column":0},"end":{"line":29,"column":2}},"2":{"start":{"line":16,"column":2},"end":{"line":27,"column":5}},"3":{"start":{"line":28,"column":2},"end":{"line":28,"column":17}}},"fnMap":{"0":{"name":"(anonymous_0)","decl":{"start":{"line":5,"column":17},"end":{"line":5,"column":18}},"loc":{"start":{"line":5,"column":43},"end":{"line":29,"column":1}},"line":5},"1":{"name":"(anonymous_1)","decl":{"start":{"line":12,"column":4},"end":{"line":12,"column":5}},"loc":{"start":{"line":12,"column":29},"end":{"line":14,"column":5}},"line":12}},"branchMap":{},"s":{"0":2,"1":2,"2":2,"3":2},"f":{"0":2,"1":2},"b":{},"_coverageSchema":"1a1c01bbd47fc00a2c39e90264f33305004495a9","hash":"0a4e262c92c858324a97703ab85ce62f84eabf18"}
,"/Users/maheshwaran_k/Desktop/eval-2/src/models/index.js": {"path":"/Users/maheshwaran_k/Desktop/eval-2/src/models/index.js","statementMap":{"0":{"start":{"line":3,"column":11},"end":{"line":3,"column":24}},"1":{"start":{"line":4,"column":13},"end":{"line":4,"column":28}},"2":{"start":{"line":5,"column":18},"end":{"line":5,"column":38}},"3":{"start":{"line":6,"column":16},"end":{"line":6,"column":34}},"4":{"start":{"line":7,"column":17},"end":{"line":7,"column":42}},"5":{"start":{"line":8,"column":12},"end":{"line":8,"column":49}},"6":{"start":{"line":9,"column":15},"end":{"line":9,"column":77}},"7":{"start":{"line":10,"column":11},"end":{"line":10,"column":13}},"8":{"start":{"line":13,"column":0},"end":{"line":17,"column":1}},"9":{"start":{"line":14,"column":2},"end":{"line":14,"column":74}},"10":{"start":{"line":16,"column":2},"end":{"line":16,"column":87}},"11":{"start":{"line":19,"column":0},"end":{"line":32,"column":5}},"12":{"start":{"line":22,"column":4},"end":{"line":27,"column":6}},"13":{"start":{"line":30,"column":18},"end":{"line":30,"column":85}},"14":{"start":{"line":31,"column":4},"end":{"line":31,"column":27}},"15":{"start":{"line":34,"column":0},"end":{"line":38,"column":3}},"16":{"start":{"line":35,"column":2},"end":{"line":37,"column":3}},"17":{"start":{"line":36,"column":4},"end":{"line":36,"column":32}},"18":{"start":{"line":40,"column":0},"end":{"line":40,"column":25}},"19":{"start":{"line":41,"column":0},"end":{"line":41,"column":25}},"20":{"start":{"line":43,"column":0},"end":{"line":43,"column":20}}},"fnMap":{"0":{"name":"(anonymous_0)","decl":{"start":{"line":21,"column":10},"end":{"line":21,"column":11}},"loc":{"start":{"line":21,"column":18},"end":{"line":28,"column":3}},"line":21},"1":{"name":"(anonymous_1)","decl":{"start":{"line":29,"column":11},"end":{"line":29,"column":12}},"loc":{"start":{"line":29,"column":19},"end":{"line":32,"column":3}},"line":29},"2":{"name":"(anonymous_2)","decl":{"start":{"line":34,"column":24},"end":{"line":34,"column":25}},"loc":{"start":{"line":34,"column":37},"end":{"line":38,"column":1}},"line":34}},"branchMap":{"0":{"loc":{"start":{"line":8,"column":12},"end":{"line":8,"column":49}},"type":"binary-expr","locations":[{"start":{"line":8,"column":12},"end":{"line":8,"column":32}},{"start":{"line":8,"column":36},"end":{"line":8,"column":49}}],"line":8},"1":{"loc":{"start":{"line":13,"column":0},"end":{"line":17,"column":1}},"type":"if","locations":[{"start":{"line":13,"column":0},"end":{"line":17,"column":1}},{"start":{"line":15,"column":7},"end":{"line":17,"column":1}}],"line":13},"2":{"loc":{"start":{"line":23,"column":6},"end":{"line":26,"column":37}},"type":"binary-expr","locations":[{"start":{"line":23,"column":6},"end":{"line":23,"column":29}},{"start":{"line":24,"column":6},"end":{"line":24,"column":23}},{"start":{"line":25,"column":6},"end":{"line":25,"column":30}},{"start":{"line":26,"column":6},"end":{"line":26,"column":37}}],"line":23},"3":{"loc":{"start":{"line":35,"column":2},"end":{"line":37,"column":3}},"type":"if","locations":[{"start":{"line":35,"column":2},"end":{"line":37,"column":3}},{"start":{},"end":{}}],"line":35}},"s":{"0":2,"1":2,"2":2,"3":2,"4":2,"5":2,"6":2,"7":2,"8":2,"9":0,"10":2,"11":2,"12":4,"13":2,"14":2,"15":2,"16":2,"17":2,"18":2,"19":2,"20":2},"f":{"0":4,"1":2,"2":2},"b":{"0":[2,0],"1":[0,2],"2":[4,4,2,2],"3":[2,0]},"_coverageSchema":"1a1c01bbd47fc00a2c39e90264f33305004495a9","hash":"6cd36926f2d97eac4cc9307c1005a2851ce9bc83"}
,"/Users/maheshwaran_k/Desktop/eval-2/src/services/company.service.js": {"path":"/Users/maheshwaran_k/Desktop/eval-2/src/services/company.service.js","statementMap":{"0":{"start":{"line":1,"column":18},"end":{"line":1,"column":38}},"1":{"start":{"line":3,"column":20},"end":{"line":3,"column":40}},"2":{"start":{"line":4,"column":28},"end":{"line":4,"column":63}},"3":{"start":{"line":6,"column":28},"end":{"line":52,"column":1}},"4":{"start":{"line":7,"column":4},"end":{"line":7,"column":50}},"5":{"start":{"line":8,"column":21},"end":{"line":10,"column":6}},"6":{"start":{"line":12,"column":17},"end":{"line":12,"column":38}},"7":{"start":{"line":13,"column":17},"end":{"line":13,"column":51}},"8":{"start":{"line":15,"column":27},"end":{"line":15,"column":29}},"9":{"start":{"line":16,"column":4},"end":{"line":31,"column":5}},"10":{"start":{"line":17,"column":20},"end":{"line":17,"column":71}},"11":{"start":{"line":18,"column":28},"end":{"line":20,"column":18}},"12":{"start":{"line":22,"column":8},"end":{"line":29,"column":10}},"13":{"start":{"line":49,"column":4},"end":{"line":49,"column":49}},"14":{"start":{"line":50,"column":4},"end":{"line":50,"column":52}},"15":{"start":{"line":54,"column":32},"end":{"line":96,"column":1}},"16":{"start":{"line":55,"column":4},"end":{"line":55,"column":57}},"17":{"start":{"line":56,"column":31},"end":{"line":56,"column":33}},"18":{"start":{"line":57,"column":20},"end":{"line":65,"column":5}},"19":{"start":{"line":67,"column":4},"end":{"line":93,"column":5}},"20":{"start":{"line":68,"column":8},"end":{"line":68,"column":44}},"21":{"start":{"line":68,"column":35},"end":{"line":68,"column":44}},"22":{"start":{"line":69,"column":20},"end":{"line":69,"column":77}},"23":{"start":{"line":70,"column":25},"end":{"line":72,"column":18}},"24":{"start":{"line":73,"column":8},"end":{"line":73,"column":63}},"25":{"start":{"line":75,"column":8},"end":{"line":85,"column":9}},"26":{"start":{"line":76,"column":12},"end":{"line":82,"column":13}},"27":{"start":{"line":77,"column":16},"end":{"line":81,"column":18}},"28":{"start":{"line":84,"column":12},"end":{"line":84,"column":28}},"29":{"start":{"line":94,"column":4},"end":{"line":94,"column":35}},"30":{"start":{"line":95,"column":4},"end":{"line":95,"column":30}},"31":{"start":{"line":99,"column":17},"end":{"line":119,"column":1}},"32":{"start":{"line":100,"column":4},"end":{"line":100,"column":42}},"33":{"start":{"line":101,"column":35},"end":{"line":101,"column":65}},"34":{"start":{"line":102,"column":4},"end":{"line":102,"column":57}},"35":{"start":{"line":103,"column":4},"end":{"line":103,"column":53}},"36":{"start":{"line":104,"column":31},"end":{"line":104,"column":62}},"37":{"start":{"line":105,"column":4},"end":{"line":116,"column":5}},"38":{"start":{"line":106,"column":8},"end":{"line":115,"column":9}},"39":{"start":{"line":117,"column":4},"end":{"line":117,"column":94}},"40":{"start":{"line":121,"column":33},"end":{"line":130,"column":1}},"41":{"start":{"line":122,"column":4},"end":{"line":122,"column":58}},"42":{"start":{"line":123,"column":24},"end":{"line":128,"column":6}},"43":{"start":{"line":129,"column":4},"end":{"line":129,"column":23}},"44":{"start":{"line":132,"column":26},"end":{"line":141,"column":1}},"45":{"start":{"line":133,"column":4},"end":{"line":133,"column":51}},"46":{"start":{"line":134,"column":4},"end":{"line":134,"column":38}},"47":{"start":{"line":135,"column":20},"end":{"line":139,"column":6}},"48":{"start":{"line":140,"column":4},"end":{"line":140,"column":19}},"49":{"start":{"line":146,"column":0},"end":{"line":146,"column":75}}},"fnMap":{"0":{"name":"(anonymous_0)","decl":{"start":{"line":6,"column":28},"end":{"line":6,"column":29}},"loc":{"start":{"line":6,"column":43},"end":{"line":52,"column":1}},"line":6},"1":{"name":"(anonymous_1)","decl":{"start":{"line":54,"column":32},"end":{"line":54,"column":33}},"loc":{"start":{"line":54,"column":44},"end":{"line":96,"column":1}},"line":54},"2":{"name":"(anonymous_2)","decl":{"start":{"line":99,"column":17},"end":{"line":99,"column":18}},"loc":{"start":{"line":99,"column":32},"end":{"line":119,"column":1}},"line":99},"3":{"name":"(anonymous_3)","decl":{"start":{"line":121,"column":33},"end":{"line":121,"column":34}},"loc":{"start":{"line":121,"column":51},"end":{"line":130,"column":1}},"line":121},"4":{"name":"(anonymous_4)","decl":{"start":{"line":132,"column":26},"end":{"line":132,"column":27}},"loc":{"start":{"line":132,"column":59},"end":{"line":141,"column":1}},"line":132}},"branchMap":{"0":{"loc":{"start":{"line":68,"column":8},"end":{"line":68,"column":44}},"type":"if","locations":[{"start":{"line":68,"column":8},"end":{"line":68,"column":44}},{"start":{},"end":{}}],"line":68}},"s":{"0":2,"1":2,"2":2,"3":2,"4":0,"5":0,"6":0,"7":0,"8":0,"9":0,"10":0,"11":0,"12":0,"13":0,"14":0,"15":2,"16":0,"17":0,"18":0,"19":0,"20":0,"21":0,"22":0,"23":0,"24":0,"25":0,"26":0,"27":0,"28":0,"29":0,"30":0,"31":2,"32":0,"33":0,"34":0,"35":0,"36":0,"37":0,"38":0,"39":0,"40":2,"41":0,"42":0,"43":0,"44":2,"45":0,"46":0,"47":0,"48":0,"49":2},"f":{"0":0,"1":0,"2":0,"3":0,"4":0},"b":{"0":[0,0]},"_coverageSchema":"1a1c01bbd47fc00a2c39e90264f33305004495a9","hash":"b63d8c998002eb72c7531911a2e76bcf63ec558d"}
,"/Users/maheshwaran_k/Desktop/eval-2/src/utils/scoreCalculator.js": {"path":"/Users/maheshwaran_k/Desktop/eval-2/src/utils/scoreCalculator.js","statementMap":{"0":{"start":{"line":1,"column":24},"end":{"line":8,"column":1}},"1":{"start":{"line":2,"column":24},"end":{"line":2,"column":26}},"2":{"start":{"line":3,"column":4},"end":{"line":5,"column":5}},"3":{"start":{"line":3,"column":17},"end":{"line":3,"column":18}},"4":{"start":{"line":4,"column":8},"end":{"line":4,"column":72}},"5":{"start":{"line":6,"column":4},"end":{"line":6,"column":110}},"6":{"start":{"line":10,"column":0},"end":{"line":10,"column":36}}},"fnMap":{"0":{"name":"(anonymous_0)","decl":{"start":{"line":1,"column":24},"end":{"line":1,"column":25}},"loc":{"start":{"line":1,"column":46},"end":{"line":8,"column":1}},"line":1}},"branchMap":{},"s":{"0":3,"1":1,"2":1,"3":1,"4":4,"5":1,"6":3},"f":{"0":1},"b":{},"_coverageSchema":"1a1c01bbd47fc00a2c39e90264f33305004495a9","hash":"c47ca6c455e63855a7fbd064b332f20aebcff9ee"}
}
