TN:
SF:src/controllers/company.controller.js
FN:4,(anonymous_0)
FN:17,(anonymous_1)
FN:30,(anonymous_2)
FNF:3
FNH:3
FNDA:2,(anonymous_0)
FNDA:2,(anonymous_1)
FNDA:2,(anonymous_2)
DA:1,1
DA:2,1
DA:4,1
DA:5,2
DA:6,2
DA:7,2
DA:8,1
DA:10,1
DA:11,0
DA:13,1
DA:17,1
DA:18,2
DA:19,2
DA:20,2
DA:21,1
DA:23,1
DA:24,0
DA:26,1
DA:30,1
DA:31,2
DA:32,2
DA:33,2
DA:34,1
DA:36,1
DA:37,0
DA:39,1
DA:44,1
LF:27
LH:24
BRDA:10,0,0,0
BRDA:10,0,1,1
BRDA:23,1,0,0
BRDA:23,1,1,1
BRDA:36,2,0,0
BRDA:36,2,1,1
BRF:6
BRH:3
end_of_record
TN:
SF:src/errors/httperror.js
FN:2,(anonymous_0)
FNF:1
FNH:1
FNDA:4,(anonymous_0)
DA:3,4
DA:4,4
DA:8,2
LF:3
LH:3
BRF:0
BRH:0
end_of_record
TN:
SF:src/middleware/company.validator.js
FN:14,(anonymous_0)
FN:33,(anonymous_1)
FNF:2
FNH:2
FNDA:2,(anonymous_0)
FNDA:2,(anonymous_1)
DA:1,1
DA:3,1
DA:5,1
DA:9,1
DA:14,1
DA:15,2
DA:16,2
DA:17,2
DA:18,2
DA:21,0
DA:25,2
DA:26,2
DA:29,0
DA:33,1
DA:34,2
DA:35,2
DA:36,2
DA:37,2
DA:40,0
DA:44,2
DA:45,2
DA:48,0
DA:52,1
LF:23
LH:19
BRDA:17,0,0,2
BRDA:17,0,1,0
BRDA:25,1,0,2
BRDA:25,1,1,0
BRDA:36,2,0,2
BRDA:36,2,1,0
BRDA:44,3,0,2
BRDA:44,3,1,0
BRF:8
BRH:4
end_of_record
TN:
SF:src/models/company.js
FN:5,(anonymous_0)
FN:12,(anonymous_1)
FNF:2
FNH:2
FNDA:1,(anonymous_0)
FNDA:1,(anonymous_1)
DA:4,1
DA:5,1
DA:16,1
DA:28,1
LF:4
LH:4
BRF:0
BRH:0
end_of_record
TN:
SF:src/models/index.js
FN:21,(anonymous_0)
FN:29,(anonymous_1)
FN:34,(anonymous_2)
FNF:3
FNH:3
FNDA:2,(anonymous_0)
FNDA:1,(anonymous_1)
FNDA:1,(anonymous_2)
DA:3,1
DA:4,1
DA:5,1
DA:6,1
DA:7,1
DA:8,1
DA:9,1
DA:10,1
DA:13,1
DA:14,0
DA:16,1
DA:19,1
DA:22,2
DA:30,1
DA:31,1
DA:34,1
DA:35,1
DA:36,1
DA:40,1
DA:41,1
DA:43,1
LF:21
LH:20
BRDA:8,0,0,1
BRDA:8,0,1,0
BRDA:13,1,0,0
BRDA:13,1,1,1
BRDA:23,2,0,2
BRDA:23,2,1,2
BRDA:23,2,2,1
BRDA:23,2,3,1
BRDA:35,3,0,1
BRDA:35,3,1,0
BRF:10
BRH:7
end_of_record
TN:
SF:src/services/company.service.js
FN:6,(anonymous_0)
FN:54,(anonymous_1)
FN:99,(anonymous_2)
FN:121,(anonymous_3)
FN:132,(anonymous_4)
FNF:5
FNH:0
FNDA:0,(anonymous_0)
FNDA:0,(anonymous_1)
FNDA:0,(anonymous_2)
FNDA:0,(anonymous_3)
FNDA:0,(anonymous_4)
DA:1,1
DA:3,1
DA:4,1
DA:6,1
DA:7,0
DA:8,0
DA:12,0
DA:13,0
DA:15,0
DA:16,0
DA:17,0
DA:18,0
DA:22,0
DA:49,0
DA:50,0
DA:54,1
DA:55,0
DA:56,0
DA:57,0
DA:67,0
DA:68,0
DA:69,0
DA:70,0
DA:73,0
DA:75,0
DA:76,0
DA:77,0
DA:84,0
DA:94,0
DA:95,0
DA:99,1
DA:100,0
DA:101,0
DA:102,0
DA:103,0
DA:104,0
DA:105,0
DA:106,0
DA:118,0
DA:121,1
DA:122,0
DA:123,0
DA:129,0
DA:132,1
DA:133,0
DA:134,0
DA:135,0
DA:140,0
DA:146,1
LF:49
LH:9
BRDA:68,0,0,0
BRDA:68,0,1,0
BRF:2
BRH:0
end_of_record
TN:
SF:src/utils/scoreCalculator.js
FN:1,(anonymous_0)
FNF:1
FNH:0
FNDA:0,(anonymous_0)
DA:1,1
DA:2,0
DA:3,0
DA:4,0
DA:6,0
DA:10,1
LF:6
LH:2
BRF:0
BRH:0
end_of_record
